Start testing: Jun 25 07:57 -03
----------------------------------------------------------
1/1 Testing: caustin_functional
1/1 Test: caustin_functional
Command: "/home/lucas/Projects/caustin/tests/run_checks.sh"
Directory: /home/lucas/Projects/caustin/build
"caustin_functional" start time: Jun 25 07:57 -03
Output:
----------------------------------------------------------
<end of output>
Test time =   0.04 sec
----------------------------------------------------------
Test Passed.
"caustin_functional" end time: Jun 25 07:57 -03
"caustin_functional" time elapsed: 00:00:00
----------------------------------------------------------

End testing: Jun 25 07:57 -03
